d:\workshop\demo\qds_toutor\qds_toutor\x64\debug\qrc_qml.obj
d:\workshop\demo\qds_toutor\qds_toutor\x64\debug\qrc_untitledproject.obj
d:\workshop\demo\qds_toutor\qds_toutor\x64\debug\vc143.pdb
d:\workshop\demo\qds_toutor\qds_toutor\x64\debug\connector.obj
d:\workshop\demo\qds_toutor\qds_toutor\x64\debug\main.obj
d:\workshop\demo\qds_toutor\qds_toutor\x64\debug\vc143.idb
d:\workshop\demo\qds_toutor\qds_toutor\x64\debug\moc_connector.obj
d:\workshop\demo\qds_toutor\x64\debug\qds_toutor.exe
d:\workshop\demo\qds_toutor\x64\debug\qds_toutor.pdb
d:\workshop\demo\qds_toutor\qds_toutor\x64\debug\moc\moc_connector.cpp
d:\workshop\demo\qds_toutor\qds_toutor\x64\debug\rcc\qrc_qml.cpp
d:\workshop\demo\qds_toutor\qds_toutor\x64\debug\rcc\qrc_untitledproject.cpp
d:\workshop\demo\qds_toutor\qds_toutor\x64\debug\qds_toutor.ilk
d:\workshop\demo\qds_toutor\qds_toutor\x64\debug\qds_toutor.tlog\cl.command.1.tlog
d:\workshop\demo\qds_toutor\qds_toutor\x64\debug\qds_toutor.tlog\cl.items.tlog
d:\workshop\demo\qds_toutor\qds_toutor\x64\debug\qds_toutor.tlog\cl.read.1.tlog
d:\workshop\demo\qds_toutor\qds_toutor\x64\debug\qds_toutor.tlog\cl.write.1.tlog
d:\workshop\demo\qds_toutor\qds_toutor\x64\debug\qds_toutor.tlog\link.command.1.tlog
d:\workshop\demo\qds_toutor\qds_toutor\x64\debug\qds_toutor.tlog\link.read.1.tlog
d:\workshop\demo\qds_toutor\qds_toutor\x64\debug\qds_toutor.tlog\link.secondary.1.tlog
d:\workshop\demo\qds_toutor\qds_toutor\x64\debug\qds_toutor.tlog\link.write.1.tlog
d:\workshop\demo\qds_toutor\qds_toutor\x64\debug\qds_toutor.tlog\moc.read.1u.tlog
d:\workshop\demo\qds_toutor\qds_toutor\x64\debug\qds_toutor.tlog\moc.write.1u.tlog
d:\workshop\demo\qds_toutor\qds_toutor\x64\debug\qds_toutor.tlog\qds_toutor.write.1u.tlog
d:\workshop\demo\qds_toutor\qds_toutor\x64\debug\qds_toutor.tlog\rcc.read.1u.tlog
d:\workshop\demo\qds_toutor\qds_toutor\x64\debug\qds_toutor.tlog\rcc.write.1u.tlog
